<?xml version="1.0" encoding="UTF-8"?>
<!-- Generated by org.testng.reporters.JUnitReportReporter -->
<testsuite skipped="0" hostname="DESKTOP-EGNFGFO" name="com.rcbteam.runners.TC_002_ValidateWicketKeeper" tests="2" failures="0" timestamp="03 Sep 2022 15:14:28 GMT" time="0.018" errors="0">
  <testcase name="validateTeamToHave11Members" time="0.015" classname="com.rcbteam.runners.TC_002_ValidateWicketKeeper"/>
  <testcase name="validateTeamAtlease1WicketKeeper" time="0.003" classname="com.rcbteam.runners.TC_002_ValidateWicketKeeper"/>
</testsuite> <!-- com.rcbteam.runners.TC_002_ValidateWicketKeeper -->
