<?xml version="1.0" encoding="UTF-8"?>
<!-- Generated by org.testng.reporters.JUnitReportReporter -->
<testsuite skipped="0" hostname="DESKTOP-EGNFGFO" name="com.rcbteam.runners.TC_001_ValidateForeignPlayersInTeam" tests="2" failures="0" timestamp="03 Sep 2022 14:48:06 GMT" time="0.003" errors="0">
  <testcase name="validateTeamToHaveOnly4Foreigners" time="0.001" classname="com.rcbteam.runners.TC_001_ValidateForeignPlayersInTeam"/>
  <testcase name="validateTeamToHave11Members" time="0.002" classname="com.rcbteam.runners.TC_001_ValidateForeignPlayersInTeam"/>
</testsuite> <!-- com.rcbteam.runners.TC_001_ValidateForeignPlayersInTeam -->
