<?xml version="1.0" encoding="UTF-8"?>
<!-- Generated by org.testng.reporters.JUnitReportReporter -->
<testsuite skipped="0" hostname="DESKTOP-EGNFGFO" name="com.rcbteam.runners.TC_001_ValidateForeignPlayersInTeam" tests="1" failures="0" timestamp="03 Sep 2022 13:45:26 GMT" time="0.017" errors="0">
  <testcase name="validateTeamToHaveOnly4Foreigners" time="0.017" classname="com.rcbteam.runners.TC_001_ValidateForeignPlayersInTeam"/>
</testsuite> <!-- com.rcbteam.runners.TC_001_ValidateForeignPlayersInTeam -->
