<?xml version="1.0" encoding="UTF-8"?>
<!-- Generated by org.testng.reporters.JUnitReportReporter -->
<testsuite skipped="0" hostname="DESKTOP-EGNFGFO" name="com.rcbteam.runners.TC_000_ValidateTeamMembers" tests="1" failures="0" timestamp="03 Sep 2022 15:16:13 GMT" time="0.010" errors="0">
  <testcase name="validateTeamToHave11Members" time="0.010" classname="com.rcbteam.runners.TC_000_ValidateTeamMembers"/>
</testsuite> <!-- com.rcbteam.runners.TC_000_ValidateTeamMembers -->
